<?xml version="1.0" encoding="UTF-8"?>
<!-- Generated by org.testng.reporters.JUnitReportReporter -->
<testsuite skipped="0" hostname="DESKTOP-INQUNRP" name="com.Interface.AppTest" tests="1" failures="0" timestamp="23 Jul 2020 21:23:59 GMT" time="0.008" errors="0">
  <testcase name="shouldAnswerWithTrue" time="0.008" classname="com.Interface.AppTest"/>
</testsuite> <!-- com.Interface.AppTest -->
