<?xml version="1.0" encoding="UTF-8"?>
<!-- Generated by org.testng.reporters.JUnitReportReporter -->
<testsuite skipped="0" hostname="DESKTOP-INQUNRP" name="com.Interface.AppTest" tests="1" failures="0" timestamp="22 Dec 2020 16:30:52 GMT" time="0.019" errors="0">
  <testcase name="shouldAnswerWithTrue" time="0.019" classname="com.Interface.AppTest"/>
</testsuite> <!-- com.Interface.AppTest -->
