<?xml version="1.0" encoding="UTF-8"?>
<!-- Generated by org.testng.reporters.JUnitReportReporter -->
<testsuite skipped="0" hostname="DESKTOP-INQUNRP" name="com.Interface.AppTest" tests="1" failures="0" timestamp="23 Jul 2020 22:39:20 GMT" time="0.010" errors="0">
  <testcase name="shouldAnswerWithTrue" time="0.010" classname="com.Interface.AppTest"/>
</testsuite> <!-- com.Interface.AppTest -->
